<?xml version="1.0" encoding="UTF-8"?>
<testsuite xmlns:xsi="http://www.w3.org/2001/XMLSchema-instance" xsi:noNamespaceSchemaLocation="https://maven.apache.org/surefire/maven-surefire-plugin/xsd/surefire-test-report-3.0.xsd" version="3.0" name="com.example.FinanzApp.FinanzAppApplicationTests" time="34.722" tests="1" errors="0" skipped="0" failures="0">
  <properties>
    <property name="java.specification.version" value="21"/>
    <property name="sun.cpu.isalist" value="amd64"/>
    <property name="sun.jnu.encoding" value="Cp1252"/>
    <property name="java.class.path" value="C:\Users\r 3\Desktop\BackendFinazAPP\target\test-classes;C:\Users\r 3\Desktop\BackendFinazAPP\target\classes;C:\Users\r 3\.m2\repository\org\springframework\boot\spring-boot-starter-data-jpa\3.3.7-SNAPSHOT\spring-boot-starter-data-jpa-3.3.7-SNAPSHOT.jar;C:\Users\r 3\.m2\repository\org\springframework\boot\spring-boot-starter-aop\3.3.7-SNAPSHOT\spring-boot-starter-aop-3.3.7-SNAPSHOT.jar;C:\Users\r 3\.m2\repository\org\aspectj\aspectjweaver\1.9.22.1\aspectjweaver-1.9.22.1.jar;C:\Users\r 3\.m2\repository\org\springframework\boot\spring-boot-starter-jdbc\3.3.7-SNAPSHOT\spring-boot-starter-jdbc-3.3.7-SNAPSHOT.jar;C:\Users\r 3\.m2\repository\com\zaxxer\HikariCP\5.1.0\HikariCP-5.1.0.jar;C:\Users\r 3\.m2\repository\org\springframework\spring-jdbc\6.1.16\spring-jdbc-6.1.16.jar;C:\Users\r 3\.m2\repository\org\hibernate\orm\hibernate-core\6.5.3.Final\hibernate-core-6.5.3.Final.jar;C:\Users\r 3\.m2\repository\jakarta\persistence\jakarta.persistence-api\3.1.0\jakarta.persistence-api-3.1.0.jar;C:\Users\r 3\.m2\repository\jakarta\transaction\jakarta.transaction-api\2.0.1\jakarta.transaction-api-2.0.1.jar;C:\Users\r 3\.m2\repository\org\jboss\logging\jboss-logging\3.5.3.Final\jboss-logging-3.5.3.Final.jar;C:\Users\r 3\.m2\repository\org\hibernate\common\hibernate-commons-annotations\6.0.6.Final\hibernate-commons-annotations-6.0.6.Final.jar;C:\Users\r 3\.m2\repository\io\smallrye\jandex\3.1.2\jandex-3.1.2.jar;C:\Users\r 3\.m2\repository\com\fasterxml\classmate\1.7.0\classmate-1.7.0.jar;C:\Users\r 3\.m2\repository\org\glassfish\jaxb\jaxb-runtime\4.0.5\jaxb-runtime-4.0.5.jar;C:\Users\r 3\.m2\repository\org\glassfish\jaxb\jaxb-core\4.0.5\jaxb-core-4.0.5.jar;C:\Users\r 3\.m2\repository\org\glassfish\jaxb\txw2\4.0.5\txw2-4.0.5.jar;C:\Users\r 3\.m2\repository\com\sun\istack\istack-commons-runtime\4.1.2\istack-commons-runtime-4.1.2.jar;C:\Users\r 3\.m2\repository\jakarta\inject\jakarta.inject-api\2.0.1\jakarta.inject-api-2.0.1.jar;C:\Users\r 3\.m2\repository\org\antlr\antlr4-runtime\4.13.0\antlr4-runtime-4.13.0.jar;C:\Users\r 3\.m2\repository\org\springframework\data\spring-data-jpa\3.3.7\spring-data-jpa-3.3.7.jar;C:\Users\r 3\.m2\repository\org\springframework\data\spring-data-commons\3.3.7\spring-data-commons-3.3.7.jar;C:\Users\r 3\.m2\repository\org\springframework\spring-orm\6.1.16\spring-orm-6.1.16.jar;C:\Users\r 3\.m2\repository\org\springframework\spring-tx\6.1.16\spring-tx-6.1.16.jar;C:\Users\r 3\.m2\repository\jakarta\annotation\jakarta.annotation-api\2.1.1\jakarta.annotation-api-2.1.1.jar;C:\Users\r 3\.m2\repository\org\slf4j\slf4j-api\2.0.16\slf4j-api-2.0.16.jar;C:\Users\r 3\.m2\repository\org\springframework\spring-aspects\6.1.16\spring-aspects-6.1.16.jar;C:\Users\r 3\.m2\repository\org\modelmapper\modelmapper\2.4.5\modelmapper-2.4.5.jar;C:\Users\r 3\.m2\repository\org\springframework\boot\spring-boot-starter-data-rest\3.3.7-SNAPSHOT\spring-boot-starter-data-rest-3.3.7-SNAPSHOT.jar;C:\Users\r 3\.m2\repository\org\springframework\data\spring-data-rest-webmvc\4.3.7\spring-data-rest-webmvc-4.3.7.jar;C:\Users\r 3\.m2\repository\org\springframework\data\spring-data-rest-core\4.3.7\spring-data-rest-core-4.3.7.jar;C:\Users\r 3\.m2\repository\org\springframework\hateoas\spring-hateoas\2.3.4\spring-hateoas-2.3.4.jar;C:\Users\r 3\.m2\repository\org\springframework\plugin\spring-plugin-core\3.0.0\spring-plugin-core-3.0.0.jar;C:\Users\r 3\.m2\repository\org\atteo\evo-inflector\1.3\evo-inflector-1.3.jar;C:\Users\r 3\.m2\repository\org\springframework\boot\spring-boot-starter-web\3.3.7-SNAPSHOT\spring-boot-starter-web-3.3.7-SNAPSHOT.jar;C:\Users\r 3\.m2\repository\org\springframework\boot\spring-boot-starter\3.3.7-SNAPSHOT\spring-boot-starter-3.3.7-SNAPSHOT.jar;C:\Users\r 3\.m2\repository\org\springframework\boot\spring-boot\3.3.7-SNAPSHOT\spring-boot-3.3.7-SNAPSHOT.jar;C:\Users\r 3\.m2\repository\org\springframework\boot\spring-boot-autoconfigure\3.3.7-SNAPSHOT\spring-boot-autoconfigure-3.3.7-SNAPSHOT.jar;C:\Users\r 3\.m2\repository\org\springframework\boot\spring-boot-starter-logging\3.3.7-SNAPSHOT\spring-boot-starter-logging-3.3.7-SNAPSHOT.jar;C:\Users\r 3\.m2\repository\ch\qos\logback\logback-classic\1.5.12\logback-classic-1.5.12.jar;C:\Users\r 3\.m2\repository\ch\qos\logback\logback-core\1.5.12\logback-core-1.5.12.jar;C:\Users\r 3\.m2\repository\org\apache\logging\log4j\log4j-to-slf4j\2.23.1\log4j-to-slf4j-2.23.1.jar;C:\Users\r 3\.m2\repository\org\apache\logging\log4j\log4j-api\2.23.1\log4j-api-2.23.1.jar;C:\Users\r 3\.m2\repository\org\slf4j\jul-to-slf4j\2.0.16\jul-to-slf4j-2.0.16.jar;C:\Users\r 3\.m2\repository\org\yaml\snakeyaml\2.2\snakeyaml-2.2.jar;C:\Users\r 3\.m2\repository\org\springframework\boot\spring-boot-starter-json\3.3.7-SNAPSHOT\spring-boot-starter-json-3.3.7-SNAPSHOT.jar;C:\Users\r 3\.m2\repository\com\fasterxml\jackson\datatype\jackson-datatype-jdk8\2.17.3\jackson-datatype-jdk8-2.17.3.jar;C:\Users\r 3\.m2\repository\com\fasterxml\jackson\datatype\jackson-datatype-jsr310\2.17.3\jackson-datatype-jsr310-2.17.3.jar;C:\Users\r 3\.m2\repository\com\fasterxml\jackson\module\jackson-module-parameter-names\2.17.3\jackson-module-parameter-names-2.17.3.jar;C:\Users\r 3\.m2\repository\org\springframework\boot\spring-boot-starter-tomcat\3.3.7-SNAPSHOT\spring-boot-starter-tomcat-3.3.7-SNAPSHOT.jar;C:\Users\r 3\.m2\repository\org\apache\tomcat\embed\tomcat-embed-core\10.1.34\tomcat-embed-core-10.1.34.jar;C:\Users\r 3\.m2\repository\org\apache\tomcat\embed\tomcat-embed-websocket\10.1.34\tomcat-embed-websocket-10.1.34.jar;C:\Users\r 3\.m2\repository\org\springframework\spring-web\6.1.16\spring-web-6.1.16.jar;C:\Users\r 3\.m2\repository\io\micrometer\micrometer-observation\1.13.9\micrometer-observation-1.13.9.jar;C:\Users\r 3\.m2\repository\io\micrometer\micrometer-commons\1.13.9\micrometer-commons-1.13.9.jar;C:\Users\r 3\.m2\repository\org\springframework\spring-webmvc\6.1.16\spring-webmvc-6.1.16.jar;C:\Users\r 3\.m2\repository\org\springframework\spring-expression\6.1.16\spring-expression-6.1.16.jar;C:\Users\r 3\.m2\repository\org\springframework\boot\spring-boot-starter-thymeleaf\3.3.7-SNAPSHOT\spring-boot-starter-thymeleaf-3.3.7-SNAPSHOT.jar;C:\Users\r 3\.m2\repository\org\thymeleaf\thymeleaf-spring6\3.1.3.RELEASE\thymeleaf-spring6-3.1.3.RELEASE.jar;C:\Users\r 3\.m2\repository\org\thymeleaf\thymeleaf\3.1.3.RELEASE\thymeleaf-3.1.3.RELEASE.jar;C:\Users\r 3\.m2\repository\org\attoparser\attoparser\2.0.7.RELEASE\attoparser-2.0.7.RELEASE.jar;C:\Users\r 3\.m2\repository\org\unbescape\unbescape\1.1.6.RELEASE\unbescape-1.1.6.RELEASE.jar;C:\Users\r 3\.m2\repository\org\springframework\boot\spring-boot-starter-webflux\3.3.7-SNAPSHOT\spring-boot-starter-webflux-3.3.7-SNAPSHOT.jar;C:\Users\r 3\.m2\repository\org\springframework\boot\spring-boot-starter-reactor-netty\3.3.7-SNAPSHOT\spring-boot-starter-reactor-netty-3.3.7-SNAPSHOT.jar;C:\Users\r 3\.m2\repository\io\projectreactor\netty\reactor-netty-http\1.1.25\reactor-netty-http-1.1.25.jar;C:\Users\r 3\.m2\repository\io\netty\netty-codec-http\4.1.116.Final\netty-codec-http-4.1.116.Final.jar;C:\Users\r 3\.m2\repository\io\netty\netty-common\4.1.116.Final\netty-common-4.1.116.Final.jar;C:\Users\r 3\.m2\repository\io\netty\netty-buffer\4.1.116.Final\netty-buffer-4.1.116.Final.jar;C:\Users\r 3\.m2\repository\io\netty\netty-transport\4.1.116.Final\netty-transport-4.1.116.Final.jar;C:\Users\r 3\.m2\repository\io\netty\netty-codec\4.1.116.Final\netty-codec-4.1.116.Final.jar;C:\Users\r 3\.m2\repository\io\netty\netty-handler\4.1.116.Final\netty-handler-4.1.116.Final.jar;C:\Users\r 3\.m2\repository\io\netty\netty-codec-http2\4.1.116.Final\netty-codec-http2-4.1.116.Final.jar;C:\Users\r 3\.m2\repository\io\netty\netty-resolver-dns\4.1.116.Final\netty-resolver-dns-4.1.116.Final.jar;C:\Users\r 3\.m2\repository\io\netty\netty-resolver\4.1.116.Final\netty-resolver-4.1.116.Final.jar;C:\Users\r 3\.m2\repository\io\netty\netty-codec-dns\4.1.116.Final\netty-codec-dns-4.1.116.Final.jar;C:\Users\r 3\.m2\repository\io\netty\netty-resolver-dns-native-macos\4.1.116.Final\netty-resolver-dns-native-macos-4.1.116.Final-osx-x86_64.jar;C:\Users\r 3\.m2\repository\io\netty\netty-resolver-dns-classes-macos\4.1.116.Final\netty-resolver-dns-classes-macos-4.1.116.Final.jar;C:\Users\r 3\.m2\repository\io\netty\netty-transport-native-epoll\4.1.116.Final\netty-transport-native-epoll-4.1.116.Final-linux-x86_64.jar;C:\Users\r 3\.m2\repository\io\netty\netty-transport-native-unix-common\4.1.116.Final\netty-transport-native-unix-common-4.1.116.Final.jar;C:\Users\r 3\.m2\repository\io\netty\netty-transport-classes-epoll\4.1.116.Final\netty-transport-classes-epoll-4.1.116.Final.jar;C:\Users\r 3\.m2\repository\io\projectreactor\netty\reactor-netty-core\1.1.25\reactor-netty-core-1.1.25.jar;C:\Users\r 3\.m2\repository\io\netty\netty-handler-proxy\4.1.116.Final\netty-handler-proxy-4.1.116.Final.jar;C:\Users\r 3\.m2\repository\io\netty\netty-codec-socks\4.1.116.Final\netty-codec-socks-4.1.116.Final.jar;C:\Users\r 3\.m2\repository\io\projectreactor\reactor-core\3.6.13\reactor-core-3.6.13.jar;C:\Users\r 3\.m2\repository\org\reactivestreams\reactive-streams\1.0.4\reactive-streams-1.0.4.jar;C:\Users\r 3\.m2\repository\org\springframework\boot\spring-boot-starter-mail\3.3.7-SNAPSHOT\spring-boot-starter-mail-3.3.7-SNAPSHOT.jar;C:\Users\r 3\.m2\repository\org\springframework\spring-context-support\6.1.16\spring-context-support-6.1.16.jar;C:\Users\r 3\.m2\repository\org\eclipse\angus\jakarta.mail\2.0.3\jakarta.mail-2.0.3.jar;C:\Users\r 3\.m2\repository\jakarta\activation\jakarta.activation-api\2.1.3\jakarta.activation-api-2.1.3.jar;C:\Users\r 3\.m2\repository\org\eclipse\angus\angus-activation\2.0.2\angus-activation-2.0.2.jar;C:\Users\r 3\.m2\repository\org\springframework\boot\spring-boot-starter-validation\3.3.7-SNAPSHOT\spring-boot-starter-validation-3.3.7-SNAPSHOT.jar;C:\Users\r 3\.m2\repository\org\apache\tomcat\embed\tomcat-embed-el\10.1.34\tomcat-embed-el-10.1.34.jar;C:\Users\r 3\.m2\repository\org\hibernate\validator\hibernate-validator\8.0.2.Final\hibernate-validator-8.0.2.Final.jar;C:\Users\r 3\.m2\repository\jakarta\validation\jakarta.validation-api\3.0.2\jakarta.validation-api-3.0.2.jar;C:\Users\r 3\.m2\repository\org\springframework\boot\spring-boot-starter-security\3.3.7-SNAPSHOT\spring-boot-starter-security-3.3.7-SNAPSHOT.jar;C:\Users\r 3\.m2\repository\org\springframework\spring-aop\6.1.16\spring-aop-6.1.16.jar;C:\Users\r 3\.m2\repository\org\springframework\security\spring-security-config\6.3.6\spring-security-config-6.3.6.jar;C:\Users\r 3\.m2\repository\org\springframework\security\spring-security-core\6.3.6\spring-security-core-6.3.6.jar;C:\Users\r 3\.m2\repository\org\springframework\security\spring-security-crypto\6.3.6\spring-security-crypto-6.3.6.jar;C:\Users\r 3\.m2\repository\org\springframework\security\spring-security-web\6.3.6\spring-security-web-6.3.6.jar;C:\Users\r 3\.m2\repository\org\springframework\boot\spring-boot-starter-websocket\3.3.7-SNAPSHOT\spring-boot-starter-websocket-3.3.7-SNAPSHOT.jar;C:\Users\r 3\.m2\repository\org\springframework\spring-messaging\6.1.16\spring-messaging-6.1.16.jar;C:\Users\r 3\.m2\repository\org\springframework\spring-websocket\6.1.16\spring-websocket-6.1.16.jar;C:\Users\r 3\.m2\repository\io\jsonwebtoken\jjwt-api\0.11.5\jjwt-api-0.11.5.jar;C:\Users\r 3\.m2\repository\io\jsonwebtoken\jjwt-impl\0.11.5\jjwt-impl-0.11.5.jar;C:\Users\r 3\.m2\repository\io\jsonwebtoken\jjwt-jackson\0.11.5\jjwt-jackson-0.11.5.jar;C:\Users\r 3\.m2\repository\org\junit\jupiter\junit-jupiter-api\5.9.3\junit-jupiter-api-5.9.3.jar;C:\Users\r 3\.m2\repository\org\opentest4j\opentest4j\1.2.0\opentest4j-1.2.0.jar;C:\Users\r 3\.m2\repository\org\junit\platform\junit-platform-commons\1.10.5\junit-platform-commons-1.10.5.jar;C:\Users\r 3\.m2\repository\org\apiguardian\apiguardian-api\1.1.2\apiguardian-api-1.1.2.jar;C:\Users\r 3\.m2\repository\org\junit\jupiter\junit-jupiter-engine\5.9.3\junit-jupiter-engine-5.9.3.jar;C:\Users\r 3\.m2\repository\org\junit\platform\junit-platform-engine\1.10.5\junit-platform-engine-1.10.5.jar;C:\Users\r 3\.m2\repository\org\mockito\mockito-core\5.11.0\mockito-core-5.11.0.jar;C:\Users\r 3\.m2\repository\net\bytebuddy\byte-buddy\1.14.19\byte-buddy-1.14.19.jar;C:\Users\r 3\.m2\repository\net\bytebuddy\byte-buddy-agent\1.14.19\byte-buddy-agent-1.14.19.jar;C:\Users\r 3\.m2\repository\org\objenesis\objenesis\3.3\objenesis-3.3.jar;C:\Users\r 3\.m2\repository\com\fasterxml\jackson\core\jackson-databind\2.17.3\jackson-databind-2.17.3.jar;C:\Users\r 3\.m2\repository\com\fasterxml\jackson\core\jackson-annotations\2.17.3\jackson-annotations-2.17.3.jar;C:\Users\r 3\.m2\repository\com\fasterxml\jackson\core\jackson-core\2.17.3\jackson-core-2.17.3.jar;C:\Users\r 3\.m2\repository\org\postgresql\postgresql\42.7.4\postgresql-42.7.4.jar;C:\Users\r 3\.m2\repository\org\checkerframework\checker-qual\3.42.0\checker-qual-3.42.0.jar;C:\Users\r 3\.m2\repository\org\projectlombok\lombok\1.18.36\lombok-1.18.36.jar;C:\Users\r 3\.m2\repository\org\springdoc\springdoc-openapi-starter-webmvc-ui\2.5.0\springdoc-openapi-starter-webmvc-ui-2.5.0.jar;C:\Users\r 3\.m2\repository\org\springdoc\springdoc-openapi-starter-webmvc-api\2.5.0\springdoc-openapi-starter-webmvc-api-2.5.0.jar;C:\Users\r 3\.m2\repository\org\springdoc\springdoc-openapi-starter-common\2.5.0\springdoc-openapi-starter-common-2.5.0.jar;C:\Users\r 3\.m2\repository\io\swagger\core\v3\swagger-core-jakarta\2.2.21\swagger-core-jakarta-2.2.21.jar;C:\Users\r 3\.m2\repository\org\apache\commons\commons-lang3\3.14.0\commons-lang3-3.14.0.jar;C:\Users\r 3\.m2\repository\io\swagger\core\v3\swagger-annotations-jakarta\2.2.21\swagger-annotations-jakarta-2.2.21.jar;C:\Users\r 3\.m2\repository\io\swagger\core\v3\swagger-models-jakarta\2.2.21\swagger-models-jakarta-2.2.21.jar;C:\Users\r 3\.m2\repository\com\fasterxml\jackson\dataformat\jackson-dataformat-yaml\2.17.3\jackson-dataformat-yaml-2.17.3.jar;C:\Users\r 3\.m2\repository\org\webjars\swagger-ui\5.13.0\swagger-ui-5.13.0.jar;C:\Users\r 3\.m2\repository\org\springframework\boot\spring-boot-starter-test\3.3.7-SNAPSHOT\spring-boot-starter-test-3.3.7-SNAPSHOT.jar;C:\Users\r 3\.m2\repository\org\springframework\boot\spring-boot-test\3.3.7-SNAPSHOT\spring-boot-test-3.3.7-SNAPSHOT.jar;C:\Users\r 3\.m2\repository\org\springframework\boot\spring-boot-test-autoconfigure\3.3.7-SNAPSHOT\spring-boot-test-autoconfigure-3.3.7-SNAPSHOT.jar;C:\Users\r 3\.m2\repository\com\jayway\jsonpath\json-path\2.9.0\json-path-2.9.0.jar;C:\Users\r 3\.m2\repository\jakarta\xml\bind\jakarta.xml.bind-api\4.0.2\jakarta.xml.bind-api-4.0.2.jar;C:\Users\r 3\.m2\repository\net\minidev\json-smart\2.5.1\json-smart-2.5.1.jar;C:\Users\r 3\.m2\repository\net\minidev\accessors-smart\2.5.1\accessors-smart-2.5.1.jar;C:\Users\r 3\.m2\repository\org\ow2\asm\asm\9.6\asm-9.6.jar;C:\Users\r 3\.m2\repository\org\assertj\assertj-core\3.25.3\assertj-core-3.25.3.jar;C:\Users\r 3\.m2\repository\org\awaitility\awaitility\4.2.2\awaitility-4.2.2.jar;C:\Users\r 3\.m2\repository\org\hamcrest\hamcrest\2.2\hamcrest-2.2.jar;C:\Users\r 3\.m2\repository\org\junit\jupiter\junit-jupiter\5.10.5\junit-jupiter-5.10.5.jar;C:\Users\r 3\.m2\repository\org\junit\jupiter\junit-jupiter-params\5.10.5\junit-jupiter-params-5.10.5.jar;C:\Users\r 3\.m2\repository\org\mockito\mockito-junit-jupiter\5.11.0\mockito-junit-jupiter-5.11.0.jar;C:\Users\r 3\.m2\repository\org\skyscreamer\jsonassert\1.5.3\jsonassert-1.5.3.jar;C:\Users\r 3\.m2\repository\com\vaadin\external\google\android-json\0.0.20131108.vaadin1\android-json-0.0.20131108.vaadin1.jar;C:\Users\r 3\.m2\repository\org\springframework\spring-core\6.1.16\spring-core-6.1.16.jar;C:\Users\r 3\.m2\repository\org\springframework\spring-jcl\6.1.16\spring-jcl-6.1.16.jar;C:\Users\r 3\.m2\repository\org\springframework\spring-test\6.1.16\spring-test-6.1.16.jar;C:\Users\r 3\.m2\repository\org\xmlunit\xmlunit-core\2.9.1\xmlunit-core-2.9.1.jar;C:\Users\r 3\.m2\repository\io\projectreactor\reactor-test\3.6.13\reactor-test-3.6.13.jar;C:\Users\r 3\.m2\repository\org\springframework\spring-webflux\6.1.16\spring-webflux-6.1.16.jar;C:\Users\r 3\.m2\repository\org\springframework\spring-beans\6.1.16\spring-beans-6.1.16.jar;C:\Users\r 3\.m2\repository\org\springframework\graphql\spring-graphql-test\1.3.3\spring-graphql-test-1.3.3.jar;C:\Users\r 3\.m2\repository\org\springframework\graphql\spring-graphql\1.3.3\spring-graphql-1.3.3.jar;C:\Users\r 3\.m2\repository\io\micrometer\context-propagation\1.1.2\context-propagation-1.1.2.jar;C:\Users\r 3\.m2\repository\com\graphql-java\graphql-java\22.3\graphql-java-22.3.jar;C:\Users\r 3\.m2\repository\com\graphql-java\java-dataloader\3.3.0\java-dataloader-3.3.0.jar;C:\Users\r 3\.m2\repository\org\springframework\spring-context\6.1.16\spring-context-6.1.16.jar;"/>
    <property name="java.vm.vendor" value="Oracle Corporation"/>
    <property name="sun.arch.data.model" value="64"/>
    <property name="user.variant" value=""/>
    <property name="java.vendor.url" value="https://java.oracle.com/"/>
    <property name="user.timezone" value="America/Bogota"/>
    <property name="org.jboss.logging.provider" value="slf4j"/>
    <property name="os.name" value="Windows 11"/>
    <property name="java.vm.specification.version" value="21"/>
    <property name="sun.java.launcher" value="SUN_STANDARD"/>
    <property name="user.country" value="CO"/>
    <property name="sun.boot.library.path" value="C:\Program Files\Java\jdk-21\bin"/>
    <property name="sun.java.command" value="C:\Users\r 3\AppData\Local\Temp\surefire2745302070220392301\surefirebooter-20250321121152575_3.jar C:\Users\r 3\AppData\Local\Temp\surefire2745302070220392301 2025-03-21T12-11-52_095-jvmRun1 surefire-20250321121152575_1tmp surefire_0-20250321121152575_2tmp"/>
    <property name="jdk.debug" value="release"/>
    <property name="surefire.test.class.path" value="C:\Users\r 3\Desktop\BackendFinazAPP\target\test-classes;C:\Users\r 3\Desktop\BackendFinazAPP\target\classes;C:\Users\r 3\.m2\repository\org\springframework\boot\spring-boot-starter-data-jpa\3.3.7-SNAPSHOT\spring-boot-starter-data-jpa-3.3.7-SNAPSHOT.jar;C:\Users\r 3\.m2\repository\org\springframework\boot\spring-boot-starter-aop\3.3.7-SNAPSHOT\spring-boot-starter-aop-3.3.7-SNAPSHOT.jar;C:\Users\r 3\.m2\repository\org\aspectj\aspectjweaver\1.9.22.1\aspectjweaver-1.9.22.1.jar;C:\Users\r 3\.m2\repository\org\springframework\boot\spring-boot-starter-jdbc\3.3.7-SNAPSHOT\spring-boot-starter-jdbc-3.3.7-SNAPSHOT.jar;C:\Users\r 3\.m2\repository\com\zaxxer\HikariCP\5.1.0\HikariCP-5.1.0.jar;C:\Users\r 3\.m2\repository\org\springframework\spring-jdbc\6.1.16\spring-jdbc-6.1.16.jar;C:\Users\r 3\.m2\repository\org\hibernate\orm\hibernate-core\6.5.3.Final\hibernate-core-6.5.3.Final.jar;C:\Users\r 3\.m2\repository\jakarta\persistence\jakarta.persistence-api\3.1.0\jakarta.persistence-api-3.1.0.jar;C:\Users\r 3\.m2\repository\jakarta\transaction\jakarta.transaction-api\2.0.1\jakarta.transaction-api-2.0.1.jar;C:\Users\r 3\.m2\repository\org\jboss\logging\jboss-logging\3.5.3.Final\jboss-logging-3.5.3.Final.jar;C:\Users\r 3\.m2\repository\org\hibernate\common\hibernate-commons-annotations\6.0.6.Final\hibernate-commons-annotations-6.0.6.Final.jar;C:\Users\r 3\.m2\repository\io\smallrye\jandex\3.1.2\jandex-3.1.2.jar;C:\Users\r 3\.m2\repository\com\fasterxml\classmate\1.7.0\classmate-1.7.0.jar;C:\Users\r 3\.m2\repository\org\glassfish\jaxb\jaxb-runtime\4.0.5\jaxb-runtime-4.0.5.jar;C:\Users\r 3\.m2\repository\org\glassfish\jaxb\jaxb-core\4.0.5\jaxb-core-4.0.5.jar;C:\Users\r 3\.m2\repository\org\glassfish\jaxb\txw2\4.0.5\txw2-4.0.5.jar;C:\Users\r 3\.m2\repository\com\sun\istack\istack-commons-runtime\4.1.2\istack-commons-runtime-4.1.2.jar;C:\Users\r 3\.m2\repository\jakarta\inject\jakarta.inject-api\2.0.1\jakarta.inject-api-2.0.1.jar;C:\Users\r 3\.m2\repository\org\antlr\antlr4-runtime\4.13.0\antlr4-runtime-4.13.0.jar;C:\Users\r 3\.m2\repository\org\springframework\data\spring-data-jpa\3.3.7\spring-data-jpa-3.3.7.jar;C:\Users\r 3\.m2\repository\org\springframework\data\spring-data-commons\3.3.7\spring-data-commons-3.3.7.jar;C:\Users\r 3\.m2\repository\org\springframework\spring-orm\6.1.16\spring-orm-6.1.16.jar;C:\Users\r 3\.m2\repository\org\springframework\spring-tx\6.1.16\spring-tx-6.1.16.jar;C:\Users\r 3\.m2\repository\jakarta\annotation\jakarta.annotation-api\2.1.1\jakarta.annotation-api-2.1.1.jar;C:\Users\r 3\.m2\repository\org\slf4j\slf4j-api\2.0.16\slf4j-api-2.0.16.jar;C:\Users\r 3\.m2\repository\org\springframework\spring-aspects\6.1.16\spring-aspects-6.1.16.jar;C:\Users\r 3\.m2\repository\org\modelmapper\modelmapper\2.4.5\modelmapper-2.4.5.jar;C:\Users\r 3\.m2\repository\org\springframework\boot\spring-boot-starter-data-rest\3.3.7-SNAPSHOT\spring-boot-starter-data-rest-3.3.7-SNAPSHOT.jar;C:\Users\r 3\.m2\repository\org\springframework\data\spring-data-rest-webmvc\4.3.7\spring-data-rest-webmvc-4.3.7.jar;C:\Users\r 3\.m2\repository\org\springframework\data\spring-data-rest-core\4.3.7\spring-data-rest-core-4.3.7.jar;C:\Users\r 3\.m2\repository\org\springframework\hateoas\spring-hateoas\2.3.4\spring-hateoas-2.3.4.jar;C:\Users\r 3\.m2\repository\org\springframework\plugin\spring-plugin-core\3.0.0\spring-plugin-core-3.0.0.jar;C:\Users\r 3\.m2\repository\org\atteo\evo-inflector\1.3\evo-inflector-1.3.jar;C:\Users\r 3\.m2\repository\org\springframework\boot\spring-boot-starter-web\3.3.7-SNAPSHOT\spring-boot-starter-web-3.3.7-SNAPSHOT.jar;C:\Users\r 3\.m2\repository\org\springframework\boot\spring-boot-starter\3.3.7-SNAPSHOT\spring-boot-starter-3.3.7-SNAPSHOT.jar;C:\Users\r 3\.m2\repository\org\springframework\boot\spring-boot\3.3.7-SNAPSHOT\spring-boot-3.3.7-SNAPSHOT.jar;C:\Users\r 3\.m2\repository\org\springframework\boot\spring-boot-autoconfigure\3.3.7-SNAPSHOT\spring-boot-autoconfigure-3.3.7-SNAPSHOT.jar;C:\Users\r 3\.m2\repository\org\springframework\boot\spring-boot-starter-logging\3.3.7-SNAPSHOT\spring-boot-starter-logging-3.3.7-SNAPSHOT.jar;C:\Users\r 3\.m2\repository\ch\qos\logback\logback-classic\1.5.12\logback-classic-1.5.12.jar;C:\Users\r 3\.m2\repository\ch\qos\logback\logback-core\1.5.12\logback-core-1.5.12.jar;C:\Users\r 3\.m2\repository\org\apache\logging\log4j\log4j-to-slf4j\2.23.1\log4j-to-slf4j-2.23.1.jar;C:\Users\r 3\.m2\repository\org\apache\logging\log4j\log4j-api\2.23.1\log4j-api-2.23.1.jar;C:\Users\r 3\.m2\repository\org\slf4j\jul-to-slf4j\2.0.16\jul-to-slf4j-2.0.16.jar;C:\Users\r 3\.m2\repository\org\yaml\snakeyaml\2.2\snakeyaml-2.2.jar;C:\Users\r 3\.m2\repository\org\springframework\boot\spring-boot-starter-json\3.3.7-SNAPSHOT\spring-boot-starter-json-3.3.7-SNAPSHOT.jar;C:\Users\r 3\.m2\repository\com\fasterxml\jackson\datatype\jackson-datatype-jdk8\2.17.3\jackson-datatype-jdk8-2.17.3.jar;C:\Users\r 3\.m2\repository\com\fasterxml\jackson\datatype\jackson-datatype-jsr310\2.17.3\jackson-datatype-jsr310-2.17.3.jar;C:\Users\r 3\.m2\repository\com\fasterxml\jackson\module\jackson-module-parameter-names\2.17.3\jackson-module-parameter-names-2.17.3.jar;C:\Users\r 3\.m2\repository\org\springframework\boot\spring-boot-starter-tomcat\3.3.7-SNAPSHOT\spring-boot-starter-tomcat-3.3.7-SNAPSHOT.jar;C:\Users\r 3\.m2\repository\org\apache\tomcat\embed\tomcat-embed-core\10.1.34\tomcat-embed-core-10.1.34.jar;C:\Users\r 3\.m2\repository\org\apache\tomcat\embed\tomcat-embed-websocket\10.1.34\tomcat-embed-websocket-10.1.34.jar;C:\Users\r 3\.m2\repository\org\springframework\spring-web\6.1.16\spring-web-6.1.16.jar;C:\Users\r 3\.m2\repository\io\micrometer\micrometer-observation\1.13.9\micrometer-observation-1.13.9.jar;C:\Users\r 3\.m2\repository\io\micrometer\micrometer-commons\1.13.9\micrometer-commons-1.13.9.jar;C:\Users\r 3\.m2\repository\org\springframework\spring-webmvc\6.1.16\spring-webmvc-6.1.16.jar;C:\Users\r 3\.m2\repository\org\springframework\spring-expression\6.1.16\spring-expression-6.1.16.jar;C:\Users\r 3\.m2\repository\org\springframework\boot\spring-boot-starter-thymeleaf\3.3.7-SNAPSHOT\spring-boot-starter-thymeleaf-3.3.7-SNAPSHOT.jar;C:\Users\r 3\.m2\repository\org\thymeleaf\thymeleaf-spring6\3.1.3.RELEASE\thymeleaf-spring6-3.1.3.RELEASE.jar;C:\Users\r 3\.m2\repository\org\thymeleaf\thymeleaf\3.1.3.RELEASE\thymeleaf-3.1.3.RELEASE.jar;C:\Users\r 3\.m2\repository\org\attoparser\attoparser\2.0.7.RELEASE\attoparser-2.0.7.RELEASE.jar;C:\Users\r 3\.m2\repository\org\unbescape\unbescape\1.1.6.RELEASE\unbescape-1.1.6.RELEASE.jar;C:\Users\r 3\.m2\repository\org\springframework\boot\spring-boot-starter-webflux\3.3.7-SNAPSHOT\spring-boot-starter-webflux-3.3.7-SNAPSHOT.jar;C:\Users\r 3\.m2\repository\org\springframework\boot\spring-boot-starter-reactor-netty\3.3.7-SNAPSHOT\spring-boot-starter-reactor-netty-3.3.7-SNAPSHOT.jar;C:\Users\r 3\.m2\repository\io\projectreactor\netty\reactor-netty-http\1.1.25\reactor-netty-http-1.1.25.jar;C:\Users\r 3\.m2\repository\io\netty\netty-codec-http\4.1.116.Final\netty-codec-http-4.1.116.Final.jar;C:\Users\r 3\.m2\repository\io\netty\netty-common\4.1.116.Final\netty-common-4.1.116.Final.jar;C:\Users\r 3\.m2\repository\io\netty\netty-buffer\4.1.116.Final\netty-buffer-4.1.116.Final.jar;C:\Users\r 3\.m2\repository\io\netty\netty-transport\4.1.116.Final\netty-transport-4.1.116.Final.jar;C:\Users\r 3\.m2\repository\io\netty\netty-codec\4.1.116.Final\netty-codec-4.1.116.Final.jar;C:\Users\r 3\.m2\repository\io\netty\netty-handler\4.1.116.Final\netty-handler-4.1.116.Final.jar;C:\Users\r 3\.m2\repository\io\netty\netty-codec-http2\4.1.116.Final\netty-codec-http2-4.1.116.Final.jar;C:\Users\r 3\.m2\repository\io\netty\netty-resolver-dns\4.1.116.Final\netty-resolver-dns-4.1.116.Final.jar;C:\Users\r 3\.m2\repository\io\netty\netty-resolver\4.1.116.Final\netty-resolver-4.1.116.Final.jar;C:\Users\r 3\.m2\repository\io\netty\netty-codec-dns\4.1.116.Final\netty-codec-dns-4.1.116.Final.jar;C:\Users\r 3\.m2\repository\io\netty\netty-resolver-dns-native-macos\4.1.116.Final\netty-resolver-dns-native-macos-4.1.116.Final-osx-x86_64.jar;C:\Users\r 3\.m2\repository\io\netty\netty-resolver-dns-classes-macos\4.1.116.Final\netty-resolver-dns-classes-macos-4.1.116.Final.jar;C:\Users\r 3\.m2\repository\io\netty\netty-transport-native-epoll\4.1.116.Final\netty-transport-native-epoll-4.1.116.Final-linux-x86_64.jar;C:\Users\r 3\.m2\repository\io\netty\netty-transport-native-unix-common\4.1.116.Final\netty-transport-native-unix-common-4.1.116.Final.jar;C:\Users\r 3\.m2\repository\io\netty\netty-transport-classes-epoll\4.1.116.Final\netty-transport-classes-epoll-4.1.116.Final.jar;C:\Users\r 3\.m2\repository\io\projectreactor\netty\reactor-netty-core\1.1.25\reactor-netty-core-1.1.25.jar;C:\Users\r 3\.m2\repository\io\netty\netty-handler-proxy\4.1.116.Final\netty-handler-proxy-4.1.116.Final.jar;C:\Users\r 3\.m2\repository\io\netty\netty-codec-socks\4.1.116.Final\netty-codec-socks-4.1.116.Final.jar;C:\Users\r 3\.m2\repository\io\projectreactor\reactor-core\3.6.13\reactor-core-3.6.13.jar;C:\Users\r 3\.m2\repository\org\reactivestreams\reactive-streams\1.0.4\reactive-streams-1.0.4.jar;C:\Users\r 3\.m2\repository\org\springframework\boot\spring-boot-starter-mail\3.3.7-SNAPSHOT\spring-boot-starter-mail-3.3.7-SNAPSHOT.jar;C:\Users\r 3\.m2\repository\org\springframework\spring-context-support\6.1.16\spring-context-support-6.1.16.jar;C:\Users\r 3\.m2\repository\org\eclipse\angus\jakarta.mail\2.0.3\jakarta.mail-2.0.3.jar;C:\Users\r 3\.m2\repository\jakarta\activation\jakarta.activation-api\2.1.3\jakarta.activation-api-2.1.3.jar;C:\Users\r 3\.m2\repository\org\eclipse\angus\angus-activation\2.0.2\angus-activation-2.0.2.jar;C:\Users\r 3\.m2\repository\org\springframework\boot\spring-boot-starter-validation\3.3.7-SNAPSHOT\spring-boot-starter-validation-3.3.7-SNAPSHOT.jar;C:\Users\r 3\.m2\repository\org\apache\tomcat\embed\tomcat-embed-el\10.1.34\tomcat-embed-el-10.1.34.jar;C:\Users\r 3\.m2\repository\org\hibernate\validator\hibernate-validator\8.0.2.Final\hibernate-validator-8.0.2.Final.jar;C:\Users\r 3\.m2\repository\jakarta\validation\jakarta.validation-api\3.0.2\jakarta.validation-api-3.0.2.jar;C:\Users\r 3\.m2\repository\org\springframework\boot\spring-boot-starter-security\3.3.7-SNAPSHOT\spring-boot-starter-security-3.3.7-SNAPSHOT.jar;C:\Users\r 3\.m2\repository\org\springframework\spring-aop\6.1.16\spring-aop-6.1.16.jar;C:\Users\r 3\.m2\repository\org\springframework\security\spring-security-config\6.3.6\spring-security-config-6.3.6.jar;C:\Users\r 3\.m2\repository\org\springframework\security\spring-security-core\6.3.6\spring-security-core-6.3.6.jar;C:\Users\r 3\.m2\repository\org\springframework\security\spring-security-crypto\6.3.6\spring-security-crypto-6.3.6.jar;C:\Users\r 3\.m2\repository\org\springframework\security\spring-security-web\6.3.6\spring-security-web-6.3.6.jar;C:\Users\r 3\.m2\repository\org\springframework\boot\spring-boot-starter-websocket\3.3.7-SNAPSHOT\spring-boot-starter-websocket-3.3.7-SNAPSHOT.jar;C:\Users\r 3\.m2\repository\org\springframework\spring-messaging\6.1.16\spring-messaging-6.1.16.jar;C:\Users\r 3\.m2\repository\org\springframework\spring-websocket\6.1.16\spring-websocket-6.1.16.jar;C:\Users\r 3\.m2\repository\io\jsonwebtoken\jjwt-api\0.11.5\jjwt-api-0.11.5.jar;C:\Users\r 3\.m2\repository\io\jsonwebtoken\jjwt-impl\0.11.5\jjwt-impl-0.11.5.jar;C:\Users\r 3\.m2\repository\io\jsonwebtoken\jjwt-jackson\0.11.5\jjwt-jackson-0.11.5.jar;C:\Users\r 3\.m2\repository\org\junit\jupiter\junit-jupiter-api\5.9.3\junit-jupiter-api-5.9.3.jar;C:\Users\r 3\.m2\repository\org\opentest4j\opentest4j\1.2.0\opentest4j-1.2.0.jar;C:\Users\r 3\.m2\repository\org\junit\platform\junit-platform-commons\1.10.5\junit-platform-commons-1.10.5.jar;C:\Users\r 3\.m2\repository\org\apiguardian\apiguardian-api\1.1.2\apiguardian-api-1.1.2.jar;C:\Users\r 3\.m2\repository\org\junit\jupiter\junit-jupiter-engine\5.9.3\junit-jupiter-engine-5.9.3.jar;C:\Users\r 3\.m2\repository\org\junit\platform\junit-platform-engine\1.10.5\junit-platform-engine-1.10.5.jar;C:\Users\r 3\.m2\repository\org\mockito\mockito-core\5.11.0\mockito-core-5.11.0.jar;C:\Users\r 3\.m2\repository\net\bytebuddy\byte-buddy\1.14.19\byte-buddy-1.14.19.jar;C:\Users\r 3\.m2\repository\net\bytebuddy\byte-buddy-agent\1.14.19\byte-buddy-agent-1.14.19.jar;C:\Users\r 3\.m2\repository\org\objenesis\objenesis\3.3\objenesis-3.3.jar;C:\Users\r 3\.m2\repository\com\fasterxml\jackson\core\jackson-databind\2.17.3\jackson-databind-2.17.3.jar;C:\Users\r 3\.m2\repository\com\fasterxml\jackson\core\jackson-annotations\2.17.3\jackson-annotations-2.17.3.jar;C:\Users\r 3\.m2\repository\com\fasterxml\jackson\core\jackson-core\2.17.3\jackson-core-2.17.3.jar;C:\Users\r 3\.m2\repository\org\postgresql\postgresql\42.7.4\postgresql-42.7.4.jar;C:\Users\r 3\.m2\repository\org\checkerframework\checker-qual\3.42.0\checker-qual-3.42.0.jar;C:\Users\r 3\.m2\repository\org\projectlombok\lombok\1.18.36\lombok-1.18.36.jar;C:\Users\r 3\.m2\repository\org\springdoc\springdoc-openapi-starter-webmvc-ui\2.5.0\springdoc-openapi-starter-webmvc-ui-2.5.0.jar;C:\Users\r 3\.m2\repository\org\springdoc\springdoc-openapi-starter-webmvc-api\2.5.0\springdoc-openapi-starter-webmvc-api-2.5.0.jar;C:\Users\r 3\.m2\repository\org\springdoc\springdoc-openapi-starter-common\2.5.0\springdoc-openapi-starter-common-2.5.0.jar;C:\Users\r 3\.m2\repository\io\swagger\core\v3\swagger-core-jakarta\2.2.21\swagger-core-jakarta-2.2.21.jar;C:\Users\r 3\.m2\repository\org\apache\commons\commons-lang3\3.14.0\commons-lang3-3.14.0.jar;C:\Users\r 3\.m2\repository\io\swagger\core\v3\swagger-annotations-jakarta\2.2.21\swagger-annotations-jakarta-2.2.21.jar;C:\Users\r 3\.m2\repository\io\swagger\core\v3\swagger-models-jakarta\2.2.21\swagger-models-jakarta-2.2.21.jar;C:\Users\r 3\.m2\repository\com\fasterxml\jackson\dataformat\jackson-dataformat-yaml\2.17.3\jackson-dataformat-yaml-2.17.3.jar;C:\Users\r 3\.m2\repository\org\webjars\swagger-ui\5.13.0\swagger-ui-5.13.0.jar;C:\Users\r 3\.m2\repository\org\springframework\boot\spring-boot-starter-test\3.3.7-SNAPSHOT\spring-boot-starter-test-3.3.7-SNAPSHOT.jar;C:\Users\r 3\.m2\repository\org\springframework\boot\spring-boot-test\3.3.7-SNAPSHOT\spring-boot-test-3.3.7-SNAPSHOT.jar;C:\Users\r 3\.m2\repository\org\springframework\boot\spring-boot-test-autoconfigure\3.3.7-SNAPSHOT\spring-boot-test-autoconfigure-3.3.7-SNAPSHOT.jar;C:\Users\r 3\.m2\repository\com\jayway\jsonpath\json-path\2.9.0\json-path-2.9.0.jar;C:\Users\r 3\.m2\repository\jakarta\xml\bind\jakarta.xml.bind-api\4.0.2\jakarta.xml.bind-api-4.0.2.jar;C:\Users\r 3\.m2\repository\net\minidev\json-smart\2.5.1\json-smart-2.5.1.jar;C:\Users\r 3\.m2\repository\net\minidev\accessors-smart\2.5.1\accessors-smart-2.5.1.jar;C:\Users\r 3\.m2\repository\org\ow2\asm\asm\9.6\asm-9.6.jar;C:\Users\r 3\.m2\repository\org\assertj\assertj-core\3.25.3\assertj-core-3.25.3.jar;C:\Users\r 3\.m2\repository\org\awaitility\awaitility\4.2.2\awaitility-4.2.2.jar;C:\Users\r 3\.m2\repository\org\hamcrest\hamcrest\2.2\hamcrest-2.2.jar;C:\Users\r 3\.m2\repository\org\junit\jupiter\junit-jupiter\5.10.5\junit-jupiter-5.10.5.jar;C:\Users\r 3\.m2\repository\org\junit\jupiter\junit-jupiter-params\5.10.5\junit-jupiter-params-5.10.5.jar;C:\Users\r 3\.m2\repository\org\mockito\mockito-junit-jupiter\5.11.0\mockito-junit-jupiter-5.11.0.jar;C:\Users\r 3\.m2\repository\org\skyscreamer\jsonassert\1.5.3\jsonassert-1.5.3.jar;C:\Users\r 3\.m2\repository\com\vaadin\external\google\android-json\0.0.20131108.vaadin1\android-json-0.0.20131108.vaadin1.jar;C:\Users\r 3\.m2\repository\org\springframework\spring-core\6.1.16\spring-core-6.1.16.jar;C:\Users\r 3\.m2\repository\org\springframework\spring-jcl\6.1.16\spring-jcl-6.1.16.jar;C:\Users\r 3\.m2\repository\org\springframework\spring-test\6.1.16\spring-test-6.1.16.jar;C:\Users\r 3\.m2\repository\org\xmlunit\xmlunit-core\2.9.1\xmlunit-core-2.9.1.jar;C:\Users\r 3\.m2\repository\io\projectreactor\reactor-test\3.6.13\reactor-test-3.6.13.jar;C:\Users\r 3\.m2\repository\org\springframework\spring-webflux\6.1.16\spring-webflux-6.1.16.jar;C:\Users\r 3\.m2\repository\org\springframework\spring-beans\6.1.16\spring-beans-6.1.16.jar;C:\Users\r 3\.m2\repository\org\springframework\graphql\spring-graphql-test\1.3.3\spring-graphql-test-1.3.3.jar;C:\Users\r 3\.m2\repository\org\springframework\graphql\spring-graphql\1.3.3\spring-graphql-1.3.3.jar;C:\Users\r 3\.m2\repository\io\micrometer\context-propagation\1.1.2\context-propagation-1.1.2.jar;C:\Users\r 3\.m2\repository\com\graphql-java\graphql-java\22.3\graphql-java-22.3.jar;C:\Users\r 3\.m2\repository\com\graphql-java\java-dataloader\3.3.0\java-dataloader-3.3.0.jar;C:\Users\r 3\.m2\repository\org\springframework\spring-context\6.1.16\spring-context-6.1.16.jar;"/>
    <property name="sun.cpu.endian" value="little"/>
    <property name="user.home" value="C:\Users\r 3"/>
    <property name="user.language" value="es"/>
    <property name="java.specification.vendor" value="Oracle Corporation"/>
    <property name="java.version.date" value="2024-01-16"/>
    <property name="java.home" value="C:\Program Files\Java\jdk-21"/>
    <property name="file.separator" value="\"/>
    <property name="basedir" value="C:\Users\r 3\Desktop\BackendFinazAPP"/>
    <property name="java.vm.compressedOopsMode" value="32-bit"/>
    <property name="line.separator" value="&#10;"/>
    <property name="java.vm.specification.vendor" value="Oracle Corporation"/>
    <property name="java.specification.name" value="Java Platform API Specification"/>
    <property name="FILE_LOG_CHARSET" value="UTF-8"/>
    <property name="java.awt.headless" value="true"/>
    <property name="surefire.real.class.path" value="C:\Users\r 3\AppData\Local\Temp\surefire2745302070220392301\surefirebooter-20250321121152575_3.jar"/>
    <property name="user.script" value=""/>
    <property name="sun.management.compiler" value="HotSpot 64-Bit Tiered Compilers"/>
    <property name="java.runtime.version" value="21.0.2+13-LTS-58"/>
    <property name="user.name" value="r 3"/>
    <property name="stdout.encoding" value="Cp1252"/>
    <property name="path.separator" value=";"/>
    <property name="os.version" value="10.0"/>
    <property name="java.runtime.name" value="Java(TM) SE Runtime Environment"/>
    <property name="file.encoding" value="UTF-8"/>
    <property name="java.vm.name" value="Java HotSpot(TM) 64-Bit Server VM"/>
    <property name="localRepository" value="C:\Users\r 3\.m2\repository"/>
    <property name="java.vendor.url.bug" value="https://bugreport.java.com/bugreport/"/>
    <property name="java.io.tmpdir" value="C:\Users\R309CB~1\AppData\Local\Temp\"/>
    <property name="sonar.token" value="squ_28f6a830c3c6d0202bb549d0aa8217ee682eb043"/>
    <property name="com.zaxxer.hikari.pool_number" value="1"/>
    <property name="java.version" value="21.0.2"/>
    <property name="user.dir" value="C:\Users\r 3\Desktop\BackendFinazAPP"/>
    <property name="os.arch" value="amd64"/>
    <property name="java.vm.specification.name" value="Java Virtual Machine Specification"/>
    <property name="PID" value="424"/>
    <property name="sun.os.patch.level" value=""/>
    <property name="CONSOLE_LOG_CHARSET" value="UTF-8"/>
    <property name="native.encoding" value="Cp1252"/>
    <property name="java.library.path" value="C:\Program Files\Java\jdk-21\bin;C:\WINDOWS\Sun\Java\bin;C:\WINDOWS\system32;C:\WINDOWS;C:\Program Files\Common Files\Oracle\Java\javapath;C:\Program Files (x86)\Common Files\Oracle\Java\javapath;C:\ProgramData\Oracle\Java\javapath;C:\WINDOWS\system32;C:\WINDOWS;C:\WINDOWS\System32\Wbem;C:\WINDOWS\System32\WindowsPowerShell\v1.0\;C:\WINDOWS\System32\OpenSSH\;C:\src\flutter\bin;C:\Program Files\nodejs\;C:\Program Files\Git\cmd;C:\Program Files\GitHub CLI\;C:\Program Files\Docker\Docker\resources\bin;C:\Program Files\Tailscale\;C:\Program Files\Java\jdk-21\bin;C:\maven\bin;C:\Users\r 3\AppData\Local\Programs\Python\Python311\Scripts;C:\Users\r 3\AppData\Local\Programs\Python\Python311;C:\src\flutter\bin;C:\Users\r 3\anaconda3;C:\Users\r 3\anaconda3\Scripts;C:\Users\r 3\AppData\Local\Microsoft\WindowsApps;C:\Program Files\MongoDB\Server\4.2\bin;C:\Users\r 3\AppData\Local\Programs\Microsoft VS Code\bin;C:\Program Files\MongoDB\Server\7.0\bin;C:\Program Files\MongoDB\mongosh-2.3.0-win32-x64\bin;C:\Users\r 3\AppData\Roaming\npm;C:\Program Files\nodejs\node_modules\npm\bin;C:\Users\r 3\Downloads\platform-tools-latest-windows\platform-tools;C:\Program Files (x86)\Nmap;C:\Program Files\MongoDB\Server\8.0\bin;C:\Program Files\PostgreSQL\15\bin;C:\Program Files\Java\jdk-21\bin;C:\maven\bin;;."/>
    <property name="java.vm.info" value="mixed mode, sharing"/>
    <property name="stderr.encoding" value="Cp1252"/>
    <property name="java.vendor" value="Oracle Corporation"/>
    <property name="java.vm.version" value="21.0.2+13-LTS-58"/>
    <property name="sun.io.unicode.encoding" value="UnicodeLittle"/>
    <property name="java.class.version" value="65.0"/>
    <property name="LOGGED_APPLICATION_NAME" value="[FinanzApp] "/>
  </properties>
  <testcase name="contextLoads" classname="com.example.FinanzApp.FinanzAppApplicationTests" time="1.203">
    <system-out><![CDATA[12:11:57.687 [main] INFO org.springframework.test.context.support.AnnotationConfigContextLoaderUtils -- Could not detect default configuration classes for test class [com.example.FinanzApp.FinanzAppApplicationTests]: FinanzAppApplicationTests does not declare any static, non-private, non-final, nested classes annotated with @Configuration.
12:11:58.217 [main] INFO org.springframework.boot.test.context.SpringBootTestContextBootstrapper -- Found @SpringBootConfiguration com.example.FinanzApp.FinanzAppApplication for test class com.example.FinanzApp.FinanzAppApplicationTests

  .   ____          _            __ _ _
 /\\ / ___'_ __ _ _(_)_ __  __ _ \ \ \ \
( ( )\___ | '_ | '_| | '_ \/ _` | \ \ \ \
 \\/  ___)| |_)| | | | | || (_| |  ) ) ) )
  '  |____| .__|_| |_|_| |_\__, | / / / /
 =========|_|==============|___/=/_/_/_/

 :: Spring Boot ::       (v3.3.7-SNAPSHOT)

2025-03-21T12:12:00.962-05:00  INFO 424 --- [FinanzApp] [           main] c.e.FinanzApp.FinanzAppApplicationTests  : Starting FinanzAppApplicationTests using Java 21.0.2 with PID 424 (started by r 3 in C:\Users\r 3\Desktop\BackendFinazAPP)
2025-03-21T12:12:00.966-05:00  INFO 424 --- [FinanzApp] [           main] c.e.FinanzApp.FinanzAppApplicationTests  : No active profile set, falling back to 1 default profile: "default"
2025-03-21T12:12:07.000-05:00  INFO 424 --- [FinanzApp] [           main] .s.d.r.c.RepositoryConfigurationDelegate : Bootstrapping Spring Data JPA repositories in DEFAULT mode.
2025-03-21T12:12:07.950-05:00  INFO 424 --- [FinanzApp] [           main] .s.d.r.c.RepositoryConfigurationDelegate : Finished Spring Data repository scanning in 918 ms. Found 10 JPA repository interfaces.
2025-03-21T12:12:11.014-05:00  INFO 424 --- [FinanzApp] [           main] o.hibernate.jpa.internal.util.LogHelper  : HHH000204: Processing PersistenceUnitInfo [name: default]
2025-03-21T12:12:11.327-05:00  INFO 424 --- [FinanzApp] [           main] org.hibernate.Version                    : HHH000412: Hibernate ORM core version 6.5.3.Final
2025-03-21T12:12:11.468-05:00  INFO 424 --- [FinanzApp] [           main] o.h.c.internal.RegionFactoryInitiator    : HHH000026: Second-level cache disabled
2025-03-21T12:12:12.906-05:00  INFO 424 --- [FinanzApp] [           main] o.s.o.j.p.SpringPersistenceUnitInfo      : No LoadTimeWeaver setup: ignoring JPA class transformer
2025-03-21T12:12:13.067-05:00  INFO 424 --- [FinanzApp] [           main] com.zaxxer.hikari.HikariDataSource       : HikariPool-1 - Starting...
2025-03-21T12:12:13.999-05:00  INFO 424 --- [FinanzApp] [           main] com.zaxxer.hikari.pool.HikariPool        : HikariPool-1 - Added connection org.postgresql.jdbc.PgConnection@5a33ba9b
2025-03-21T12:12:14.006-05:00  INFO 424 --- [FinanzApp] [           main] com.zaxxer.hikari.HikariDataSource       : HikariPool-1 - Start completed.
2025-03-21T12:12:20.188-05:00  INFO 424 --- [FinanzApp] [           main] o.h.e.t.j.p.i.JtaPlatformInitiator       : HHH000489: No JTA platform available (set 'hibernate.transaction.jta.platform' to enable JTA platform integration)
2025-03-21T12:12:20.739-05:00  INFO 424 --- [FinanzApp] [           main] j.LocalContainerEntityManagerFactoryBean : Initialized JPA EntityManagerFactory for persistence unit 'default'
2025-03-21T12:12:21.021-05:00  WARN 424 --- [FinanzApp] [           main] o.s.aop.framework.CglibAopProxy          : Unable to proxy interface-implementing method [public final void org.springframework.web.filter.OncePerRequestFilter.doFilter(jakarta.servlet.ServletRequest,jakarta.servlet.ServletResponse,jakarta.servlet.FilterChain) throws jakarta.servlet.ServletException,java.io.IOException] because it is marked as final, consider using interface-based JDK proxies instead.
2025-03-21T12:12:21.022-05:00  WARN 424 --- [FinanzApp] [           main] o.s.aop.framework.CglibAopProxy          : Unable to proxy interface-implementing method [public final void org.springframework.web.filter.GenericFilterBean.init(jakarta.servlet.FilterConfig) throws jakarta.servlet.ServletException] because it is marked as final, consider using interface-based JDK proxies instead.
2025-03-21T12:12:22.356-05:00  INFO 424 --- [FinanzApp] [           main] o.s.d.j.r.query.QueryEnhancerFactory     : Hibernate is in classpath; If applicable, HQL parser will be used.
2025-03-21T12:12:26.203-05:00  WARN 424 --- [FinanzApp] [           main] JpaBaseConfiguration$JpaWebConfiguration : spring.jpa.open-in-view is enabled by default. Therefore, database queries may be performed during view rendering. Explicitly configure spring.jpa.open-in-view to disable this warning
2025-03-21T12:12:26.548-05:00  INFO 424 --- [FinanzApp] [           main] r$InitializeUserDetailsManagerConfigurer : Global AuthenticationManager configured with UserDetailsService bean with name servicioUsuario
2025-03-21T12:12:29.320-05:00  WARN 424 --- [FinanzApp] [           main] ion$DefaultTemplateResolverConfiguration : Cannot find template location: classpath:/templates/ (please add some templates, check your Thymeleaf configuration, or set spring.thymeleaf.check-template-location=false)
2025-03-21T12:12:30.154-05:00  INFO 424 --- [FinanzApp] [           main] c.e.FinanzApp.FinanzAppApplicationTests  : Started FinanzAppApplicationTests in 31.039 seconds (process running for 37.16)
]]></system-out>
    <system-err><![CDATA[WARNING: A Java agent has been loaded dynamically (C:\Users\r 3\.m2\repository\net\bytebuddy\byte-buddy-agent\1.14.19\byte-buddy-agent-1.14.19.jar)
WARNING: If a serviceability tool is in use, please run with -XX:+EnableDynamicAgentLoading to hide this warning
WARNING: If a serviceability tool is not in use, please run with -Djdk.instrument.traceUsage for more information
WARNING: Dynamic loading of agents will be disallowed by default in a future release
]]></system-err>
  </testcase>
</testsuite>